{"C:\\Users\\Meeting room 1\\Desktop\\Serverless\\Crud dynamo offline\\src\\functions\\add user\\handler.ts": {"path":"C:\\Users\\Meeting room 1\\Desktop\\Serverless\\Crud dynamo offline\\src\\functions\\add user\\handler.ts","statementMap":{"0":{"start":{"line":2,"column":0},"end":{"line":2,"column":54}},"1":{"start":{"line":3,"column":0},"end":{"line":3,"column":39}},"2":{"start":{"line":5,"column":0},"end":{"line":5,"column":47}},"3":{"start":{"line":11,"column":33},"end":{"line":44,"column":1}},"4":{"start":{"line":12,"column":2},"end":{"line":29,"column":null}},"5":{"start":{"line":13,"column":17},"end":{"line":13,"column":27}},"6":{"start":{"line":15,"column":19},"end":{"line":20,"column":null}},"7":{"start":{"line":22,"column":4},"end":{"line":22,"column":35}},"8":{"start":{"line":24,"column":4},"end":{"line":26,"column":7}},"9":{"start":{"line":28,"column":4},"end":{"line":28,"column":23}},"10":{"start":{"line":30,"column":15},"end":{"line":30,"column":25}},"11":{"start":{"line":32,"column":17},"end":{"line":37,"column":null}},"12":{"start":{"line":39,"column":2},"end":{"line":39,"column":33}},"13":{"start":{"line":41,"column":2},"end":{"line":43,"column":5}},"14":{"start":{"line":11,"column":13},"end":{"line":11,"column":33}},"15":{"start":{"line":46,"column":13},"end":{"line":46,"column":37}}},"fnMap":{"0":{"name":"(anonymous_0)","decl":{"start":{"line":11,"column":33},"end":{"line":11,"column":38}},"loc":{"start":{"line":11,"column":49},"end":{"line":44,"column":1}}}},"branchMap":{},"s":{"0":1,"1":1,"2":1,"3":1,"4":1,"5":1,"6":1,"7":1,"8":1,"9":0,"10":0,"11":0,"12":0,"13":0,"14":1,"15":1},"f":{"0":1},"b":{}}
,"C:\\Users\\Meeting room 1\\Desktop\\Serverless\\Crud dynamo offline\\src\\functions\\delete user\\handler.ts": {"path":"C:\\Users\\Meeting room 1\\Desktop\\Serverless\\Crud dynamo offline\\src\\functions\\delete user\\handler.ts","statementMap":{"0":{"start":{"line":1,"column":0},"end":{"line":1,"column":54}},"1":{"start":{"line":2,"column":0},"end":{"line":2,"column":39}},"2":{"start":{"line":5,"column":0},"end":{"line":5,"column":47}},"3":{"start":{"line":7,"column":35},"end":{"line":25,"column":1}},"4":{"start":{"line":8,"column":2},"end":{"line":23,"column":null}},"5":{"start":{"line":9,"column":22},"end":{"line":9,"column":42}},"6":{"start":{"line":11,"column":19},"end":{"line":14,"column":null}},"7":{"start":{"line":16,"column":4},"end":{"line":16,"column":38}},"8":{"start":{"line":18,"column":4},"end":{"line":20,"column":7}},"9":{"start":{"line":22,"column":4},"end":{"line":22,"column":23}},"10":{"start":{"line":7,"column":13},"end":{"line":7,"column":35}},"11":{"start":{"line":27,"column":13},"end":{"line":27,"column":40}}},"fnMap":{"0":{"name":"(anonymous_0)","decl":{"start":{"line":7,"column":35},"end":{"line":7,"column":40}},"loc":{"start":{"line":7,"column":51},"end":{"line":25,"column":1}}}},"branchMap":{},"s":{"0":1,"1":1,"2":1,"3":1,"4":1,"5":1,"6":1,"7":1,"8":1,"9":0,"10":1,"11":1},"f":{"0":1},"b":{}}
,"C:\\Users\\Meeting room 1\\Desktop\\Serverless\\Crud dynamo offline\\src\\functions\\get all users\\handler.ts": {"path":"C:\\Users\\Meeting room 1\\Desktop\\Serverless\\Crud dynamo offline\\src\\functions\\get all users\\handler.ts","statementMap":{"0":{"start":{"line":2,"column":0},"end":{"line":2,"column":54}},"1":{"start":{"line":3,"column":0},"end":{"line":3,"column":39}},"2":{"start":{"line":6,"column":0},"end":{"line":6,"column":47}},"3":{"start":{"line":9,"column":35},"end":{"line":20,"column":1}},"4":{"start":{"line":10,"column":2},"end":{"line":18,"column":null}},"5":{"start":{"line":12,"column":21},"end":{"line":12,"column":49}},"6":{"start":{"line":13,"column":4},"end":{"line":15,"column":7}},"7":{"start":{"line":17,"column":4},"end":{"line":17,"column":23}},"8":{"start":{"line":9,"column":13},"end":{"line":9,"column":35}},"9":{"start":{"line":22,"column":13},"end":{"line":22,"column":40}}},"fnMap":{"0":{"name":"(anonymous_0)","decl":{"start":{"line":9,"column":35},"end":{"line":9,"column":40}},"loc":{"start":{"line":9,"column":46},"end":{"line":20,"column":1}}}},"branchMap":{},"s":{"0":1,"1":1,"2":1,"3":1,"4":1,"5":1,"6":1,"7":0,"8":1,"9":1},"f":{"0":1},"b":{}}
,"C:\\Users\\Meeting room 1\\Desktop\\Serverless\\Crud dynamo offline\\src\\functions\\get user\\handler.ts": {"path":"C:\\Users\\Meeting room 1\\Desktop\\Serverless\\Crud dynamo offline\\src\\functions\\get user\\handler.ts","statementMap":{"0":{"start":{"line":2,"column":0},"end":{"line":2,"column":54}},"1":{"start":{"line":3,"column":0},"end":{"line":3,"column":39}},"2":{"start":{"line":7,"column":0},"end":{"line":7,"column":47}},"3":{"start":{"line":10,"column":33},"end":{"line":28,"column":1}},"4":{"start":{"line":11,"column":2},"end":{"line":26,"column":null}},"5":{"start":{"line":12,"column":22},"end":{"line":12,"column":42}},"6":{"start":{"line":14,"column":19},"end":{"line":17,"column":null}},"7":{"start":{"line":19,"column":17},"end":{"line":19,"column":47}},"8":{"start":{"line":21,"column":4},"end":{"line":23,"column":7}},"9":{"start":{"line":25,"column":4},"end":{"line":25,"column":23}},"10":{"start":{"line":10,"column":13},"end":{"line":10,"column":33}},"11":{"start":{"line":30,"column":13},"end":{"line":30,"column":37}}},"fnMap":{"0":{"name":"(anonymous_0)","decl":{"start":{"line":10,"column":33},"end":{"line":10,"column":38}},"loc":{"start":{"line":10,"column":49},"end":{"line":28,"column":1}}}},"branchMap":{},"s":{"0":1,"1":1,"2":1,"3":1,"4":1,"5":1,"6":1,"7":1,"8":1,"9":0,"10":1,"11":1},"f":{"0":1},"b":{}}
,"C:\\Users\\Meeting room 1\\Desktop\\Serverless\\Crud dynamo offline\\src\\functions\\update user\\handler.ts": {"path":"C:\\Users\\Meeting room 1\\Desktop\\Serverless\\Crud dynamo offline\\src\\functions\\update user\\handler.ts","statementMap":{"0":{"start":{"line":1,"column":0},"end":{"line":1,"column":54}},"1":{"start":{"line":2,"column":0},"end":{"line":2,"column":39}},"2":{"start":{"line":4,"column":0},"end":{"line":4,"column":47}},"3":{"start":{"line":9,"column":35},"end":{"line":41,"column":1}},"4":{"start":{"line":10,"column":2},"end":{"line":40,"column":null}},"5":{"start":{"line":12,"column":18},"end":{"line":12,"column":34}},"6":{"start":{"line":15,"column":28},"end":{"line":18,"column":null}},"7":{"start":{"line":19,"column":17},"end":{"line":19,"column":56}},"8":{"start":{"line":20,"column":4},"end":{"line":20,"column":81}},"9":{"start":{"line":21,"column":4},"end":{"line":21,"column":89}},"10":{"start":{"line":23,"column":19},"end":{"line":31,"column":null}},"11":{"start":{"line":33,"column":4},"end":{"line":33,"column":38}},"12":{"start":{"line":35,"column":4},"end":{"line":37,"column":7}},"13":{"start":{"line":39,"column":4},"end":{"line":39,"column":21}},"14":{"start":{"line":9,"column":13},"end":{"line":9,"column":35}},"15":{"start":{"line":43,"column":13},"end":{"line":43,"column":40}}},"fnMap":{"0":{"name":"(anonymous_0)","decl":{"start":{"line":9,"column":35},"end":{"line":9,"column":40}},"loc":{"start":{"line":9,"column":51},"end":{"line":41,"column":1}}}},"branchMap":{"0":{"loc":{"start":{"line":20,"column":4},"end":{"line":20,"column":80}},"type":"cond-expr","locations":[{"start":{"line":20,"column":26},"end":{"line":20,"column":52}},{"start":{"line":20,"column":55},"end":{"line":20,"column":80}}]},"1":{"loc":{"start":{"line":21,"column":4},"end":{"line":21,"column":88}},"type":"cond-expr","locations":[{"start":{"line":21,"column":26},"end":{"line":21,"column":56}},{"start":{"line":21,"column":59},"end":{"line":21,"column":88}}]}},"s":{"0":1,"1":1,"2":1,"3":1,"4":1,"5":1,"6":1,"7":1,"8":1,"9":0,"10":0,"11":0,"12":0,"13":1,"14":1,"15":1},"f":{"0":1},"b":{"0":[0,1],"1":[0,0]}}
,"C:\\Users\\Meeting room 1\\Desktop\\Serverless\\Crud dynamo offline\\src\\libs\\apiGateway.ts": {"path":"C:\\Users\\Meeting room 1\\Desktop\\Serverless\\Crud dynamo offline\\src\\libs\\apiGateway.ts","statementMap":{"0":{"start":{"line":7,"column":34},"end":{"line":12,"column":1}},"1":{"start":{"line":8,"column":2},"end":{"line":11,"column":null}},"2":{"start":{"line":7,"column":13},"end":{"line":7,"column":34}}},"fnMap":{"0":{"name":"(anonymous_0)","decl":{"start":{"line":7,"column":34},"end":{"line":7,"column":35}},"loc":{"start":{"line":7,"column":72},"end":{"line":12,"column":1}}}},"branchMap":{},"s":{"0":5,"1":4,"2":5},"f":{"0":4},"b":{}}
,"C:\\Users\\Meeting room 1\\Desktop\\Serverless\\Crud dynamo offline\\src\\libs\\dynamodb.ts": {"path":"C:\\Users\\Meeting room 1\\Desktop\\Serverless\\Crud dynamo offline\\src\\libs\\dynamodb.ts","statementMap":{"0":{"start":{"line":1,"column":0},"end":{"line":1,"column":31}},"1":{"start":{"line":3,"column":18},"end":{"line":6,"column":2}},"2":{"start":{"line":9,"column":13},"end":{"line":33,"column":null}},"3":{"start":{"line":12,"column":8},"end":{"line":12,"column":46}},"4":{"start":{"line":17,"column":8},"end":{"line":17,"column":49}},"5":{"start":{"line":21,"column":21},"end":{"line":21,"column":58}},"6":{"start":{"line":22,"column":8},"end":{"line":22,"column":20}},"7":{"start":{"line":26,"column":8},"end":{"line":26,"column":49}},"8":{"start":{"line":30,"column":26},"end":{"line":30,"column":89}},"9":{"start":{"line":31,"column":8},"end":{"line":31,"column":25}}},"fnMap":{"0":{"name":"(anonymous_6)","decl":{"start":{"line":10,"column":4},"end":{"line":10,"column":9}},"loc":{"start":{"line":10,"column":25},"end":{"line":13,"column":5}}},"1":{"name":"(anonymous_7)","decl":{"start":{"line":15,"column":4},"end":{"line":15,"column":9}},"loc":{"start":{"line":15,"column":27},"end":{"line":18,"column":5}}},"2":{"name":"(anonymous_8)","decl":{"start":{"line":20,"column":4},"end":{"line":20,"column":9}},"loc":{"start":{"line":20,"column":24},"end":{"line":23,"column":5}}},"3":{"name":"(anonymous_9)","decl":{"start":{"line":25,"column":4},"end":{"line":25,"column":9}},"loc":{"start":{"line":25,"column":27},"end":{"line":27,"column":5}}},"4":{"name":"(anonymous_10)","decl":{"start":{"line":29,"column":4},"end":{"line":29,"column":9}},"loc":{"start":{"line":29,"column":21},"end":{"line":32,"column":5}}}},"branchMap":{},"s":{"0":5,"1":5,"2":5,"3":1,"4":0,"5":2,"6":2,"7":1,"8":1,"9":1},"f":{"0":1,"1":0,"2":2,"3":1,"4":1},"b":{}}
,"C:\\Users\\Meeting room 1\\Desktop\\Serverless\\Crud dynamo offline\\src\\libs\\lambda.ts": {"path":"C:\\Users\\Meeting room 1\\Desktop\\Serverless\\Crud dynamo offline\\src\\libs\\lambda.ts","statementMap":{"0":{"start":{"line":1,"column":0},"end":{"line":1,"column":31}},"1":{"start":{"line":2,"column":0},"end":{"line":2,"column":62}},"2":{"start":{"line":4,"column":23},"end":{"line":6,"column":1}},"3":{"start":{"line":5,"column":2},"end":{"line":5,"column":null}},"4":{"start":{"line":4,"column":13},"end":{"line":4,"column":23}}},"fnMap":{"0":{"name":"(anonymous_1)","decl":{"start":{"line":4,"column":23},"end":{"line":4,"column":24}},"loc":{"start":{"line":4,"column":35},"end":{"line":6,"column":1}}}},"branchMap":{},"s":{"0":5,"1":5,"2":5,"3":5,"4":5},"f":{"0":5},"b":{}}
}
