TN:
SF:src\functions\add user\handler.ts
FN:11,(anonymous_0)
FNF:1
FNH:1
FNDA:1,(anonymous_0)
DA:2,1
DA:3,1
DA:5,1
DA:11,1
DA:12,1
DA:13,1
DA:15,1
DA:22,1
DA:24,1
DA:28,0
DA:30,0
DA:32,0
DA:39,0
DA:41,0
DA:46,1
LF:15
LH:10
BRF:0
BRH:0
end_of_record
TN:
SF:src\functions\delete user\handler.ts
FN:7,(anonymous_0)
FNF:1
FNH:1
FNDA:1,(anonymous_0)
DA:1,1
DA:2,1
DA:5,1
DA:7,1
DA:8,1
DA:9,1
DA:11,1
DA:16,1
DA:18,1
DA:22,0
DA:27,1
LF:11
LH:10
BRF:0
BRH:0
end_of_record
TN:
SF:src\functions\get all users\handler.ts
FN:9,(anonymous_0)
FNF:1
FNH:1
FNDA:1,(anonymous_0)
DA:2,1
DA:3,1
DA:6,1
DA:9,1
DA:10,1
DA:12,1
DA:13,1
DA:17,0
DA:22,1
LF:9
LH:8
BRF:0
BRH:0
end_of_record
TN:
SF:src\functions\get user\handler.ts
FN:10,(anonymous_0)
FNF:1
FNH:1
FNDA:1,(anonymous_0)
DA:2,1
DA:3,1
DA:7,1
DA:10,1
DA:11,1
DA:12,1
DA:14,1
DA:19,1
DA:21,1
DA:25,0
DA:30,1
LF:11
LH:10
BRF:0
BRH:0
end_of_record
TN:
SF:src\functions\update user\handler.ts
FN:9,(anonymous_0)
FNF:1
FNH:1
FNDA:1,(anonymous_0)
DA:1,1
DA:2,1
DA:4,1
DA:9,1
DA:10,1
DA:12,1
DA:15,1
DA:19,1
DA:20,1
DA:21,0
DA:23,0
DA:33,0
DA:35,0
DA:39,1
DA:43,1
LF:15
LH:11
BRDA:20,0,0,0
BRDA:20,0,1,1
BRDA:21,1,0,0
BRDA:21,1,1,0
BRF:4
BRH:1
end_of_record
TN:
SF:src\libs\apiGateway.ts
FN:7,(anonymous_0)
FNF:1
FNH:1
FNDA:4,(anonymous_0)
DA:7,5
DA:8,4
LF:2
LH:2
BRF:0
BRH:0
end_of_record
TN:
SF:src\libs\dynamodb.ts
FN:10,(anonymous_6)
FN:15,(anonymous_7)
FN:20,(anonymous_8)
FN:25,(anonymous_9)
FN:29,(anonymous_10)
FNF:5
FNH:4
FNDA:1,(anonymous_6)
FNDA:0,(anonymous_7)
FNDA:2,(anonymous_8)
FNDA:1,(anonymous_9)
FNDA:1,(anonymous_10)
DA:1,5
DA:3,5
DA:9,5
DA:12,1
DA:17,0
DA:21,2
DA:22,2
DA:26,1
DA:30,1
DA:31,1
LF:10
LH:9
BRF:0
BRH:0
end_of_record
TN:
SF:src\libs\lambda.ts
FN:4,(anonymous_1)
FNF:1
FNH:1
FNDA:5,(anonymous_1)
DA:1,5
DA:2,5
DA:4,5
DA:5,5
LF:4
LH:4
BRF:0
BRH:0
end_of_record
